{"/app/components/container.tsx": {"path":"/app/components/container.tsx","statementMap":{"0":{"start":{"line":10,"column":2},"end":{"line":14,"column":4}}},"fnMap":{"0":{"name":"Container","decl":{"start":{"line":9,"column":24},"end":{"line":9,"column":33}},"loc":{"start":{"line":9,"column":76},"end":{"line":15,"column":1}},"line":9}},"branchMap":{},"s":{"0":6},"f":{"0":6},"b":{},"_coverageSchema":"1a1c01bbd47fc00a2c39e90264f33305004495a9","hash":"a1339222a0433ddf7cfdf4e1d53bb864a67721bb"}
,"/app/components/layout.tsx": {"path":"/app/components/layout.tsx","statementMap":{"0":{"start":{"line":3,"column":15},"end":{"line":11,"column":1}},"1":{"start":{"line":4,"column":2},"end":{"line":10,"column":4}}},"fnMap":{"0":{"name":"(anonymous_0)","decl":{"start":{"line":3,"column":15},"end":{"line":3,"column":16}},"loc":{"start":{"line":3,"column":33},"end":{"line":11,"column":1}},"line":3}},"branchMap":{},"s":{"0":1,"1":2},"f":{"0":2},"b":{},"_coverageSchema":"1a1c01bbd47fc00a2c39e90264f33305004495a9","hash":"a3b0292455f6bd65629a17d607e4a179e2189697"}
,"/app/components/navbar.tsx": {"path":"/app/components/navbar.tsx","statementMap":{"0":{"start":{"line":6,"column":19},"end":{"line":9,"column":1}},"1":{"start":{"line":12,"column":2},"end":{"line":74,"column":4}},"2":{"start":{"line":16,"column":10},"end":{"line":70,"column":13}},"3":{"start":{"line":31,"column":22},"end":{"line":35,"column":29}},"4":{"start":{"line":59,"column":18},"end":{"line":66,"column":25}}},"fnMap":{"0":{"name":"Navbar","decl":{"start":{"line":11,"column":24},"end":{"line":11,"column":30}},"loc":{"start":{"line":11,"column":33},"end":{"line":75,"column":1}},"line":11},"1":{"name":"(anonymous_1)","decl":{"start":{"line":15,"column":9},"end":{"line":15,"column":10}},"loc":{"start":{"line":16,"column":10},"end":{"line":70,"column":13}},"line":16},"2":{"name":"(anonymous_2)","decl":{"start":{"line":30,"column":36},"end":{"line":30,"column":37}},"loc":{"start":{"line":31,"column":22},"end":{"line":35,"column":29}},"line":31},"3":{"name":"(anonymous_3)","decl":{"start":{"line":58,"column":32},"end":{"line":58,"column":33}},"loc":{"start":{"line":59,"column":18},"end":{"line":66,"column":25}},"line":59}},"branchMap":{"0":{"loc":{"start":{"line":46,"column":21},"end":{"line":50,"column":21}},"type":"cond-expr","locations":[{"start":{"line":47,"column":22},"end":{"line":47,"column":76}},{"start":{"line":49,"column":22},"end":{"line":49,"column":79}}],"line":46}},"s":{"0":1,"1":2,"2":4,"3":8,"4":8},"f":{"0":2,"1":4,"2":8,"3":8},"b":{"0":[0,4]},"_coverageSchema":"1a1c01bbd47fc00a2c39e90264f33305004495a9","hash":"743695132002fff65fe977343ddb9e9e3c0d4f4e"}
,"/app/components/home/index.tsx": {"path":"/app/components/home/index.tsx","statementMap":{"0":{"start":{"line":8,"column":28},"end":{"line":8,"column":40}},"1":{"start":{"line":9,"column":17},"end":{"line":9,"column":28}},"2":{"start":{"line":10,"column":23},"end":{"line":24,"column":3}},"3":{"start":{"line":11,"column":4},"end":{"line":11,"column":23}},"4":{"start":{"line":12,"column":4},"end":{"line":12,"column":23}},"5":{"start":{"line":12,"column":16},"end":{"line":12,"column":23}},"6":{"start":{"line":14,"column":4},"end":{"line":23,"column":5}},"7":{"start":{"line":15,"column":19},"end":{"line":18,"column":29}},"8":{"start":{"line":19,"column":6},"end":{"line":19,"column":41}},"9":{"start":{"line":21,"column":6},"end":{"line":21,"column":23}},"10":{"start":{"line":26,"column":2},"end":{"line":38,"column":4}},"11":{"start":{"line":34,"column":27},"end":{"line":34,"column":51}}},"fnMap":{"0":{"name":"HomeView","decl":{"start":{"line":7,"column":24},"end":{"line":7,"column":32}},"loc":{"start":{"line":7,"column":35},"end":{"line":39,"column":1}},"line":7},"1":{"name":"(anonymous_1)","decl":{"start":{"line":10,"column":23},"end":{"line":10,"column":24}},"loc":{"start":{"line":10,"column":36},"end":{"line":24,"column":3}},"line":10},"2":{"name":"(anonymous_2)","decl":{"start":{"line":34,"column":20},"end":{"line":34,"column":21}},"loc":{"start":{"line":34,"column":27},"end":{"line":34,"column":51}},"line":34}},"branchMap":{"0":{"loc":{"start":{"line":12,"column":4},"end":{"line":12,"column":23}},"type":"if","locations":[{"start":{"line":12,"column":4},"end":{"line":12,"column":23}},{"start":{"line":12,"column":4},"end":{"line":12,"column":23}}],"line":12}},"s":{"0":2,"1":2,"2":2,"3":0,"4":0,"5":0,"6":0,"7":0,"8":0,"9":0,"10":2,"11":0},"f":{"0":2,"1":0,"2":0},"b":{"0":[0,0]},"_coverageSchema":"1a1c01bbd47fc00a2c39e90264f33305004495a9","hash":"498623e8733c679a896d37216eb2f948cc8f6919"}
,"/app/lib/constants.ts": {"path":"/app/lib/constants.ts","statementMap":{"0":{"start":{"line":1,"column":23},"end":{"line":1,"column":46}}},"fnMap":{},"branchMap":{},"s":{"0":1},"f":{},"b":{},"_coverageSchema":"1a1c01bbd47fc00a2c39e90264f33305004495a9","hash":"e3959bcd74a590596610240d3503bb6e4d712bc9"}
,"/app/lib/fetcher.ts": {"path":"/app/lib/fetcher.ts","statementMap":{"0":{"start":{"line":8,"column":2},"end":{"line":16,"column":4}},"1":{"start":{"line":19,"column":15},"end":{"line":19,"column":27}},"2":{"start":{"line":20,"column":2},"end":{"line":23,"column":3}},"3":{"start":{"line":21,"column":4},"end":{"line":21,"column":40}},"4":{"start":{"line":22,"column":4},"end":{"line":22,"column":24}},"5":{"start":{"line":25,"column":2},"end":{"line":28,"column":3}},"6":{"start":{"line":26,"column":17},"end":{"line":26,"column":43}},"7":{"start":{"line":27,"column":4},"end":{"line":27,"column":39}},"8":{"start":{"line":30,"column":14},"end":{"line":30,"column":36}},"9":{"start":{"line":31,"column":2},"end":{"line":33,"column":3}},"10":{"start":{"line":32,"column":4},"end":{"line":32,"column":14}},"11":{"start":{"line":34,"column":2},"end":{"line":34,"column":20}}},"fnMap":{"0":{"name":"fetcher","decl":{"start":{"line":3,"column":30},"end":{"line":3,"column":37}},"loc":{"start":{"line":7,"column":14},"end":{"line":35,"column":1}},"line":7}},"branchMap":{"0":{"loc":{"start":{"line":5,"column":2},"end":{"line":5,"column":32}},"type":"default-arg","locations":[{"start":{"line":5,"column":30},"end":{"line":5,"column":32}}],"line":5},"1":{"loc":{"start":{"line":6,"column":2},"end":{"line":6,"column":31}},"type":"default-arg","locations":[{"start":{"line":6,"column":29},"end":{"line":6,"column":31}}],"line":6},"2":{"loc":{"start":{"line":14,"column":10},"end":{"line":14,"column":29}},"type":"binary-expr","locations":[{"start":{"line":14,"column":10},"end":{"line":14,"column":23}},{"start":{"line":14,"column":27},"end":{"line":14,"column":29}}],"line":14},"3":{"loc":{"start":{"line":20,"column":2},"end":{"line":23,"column":3}},"type":"if","locations":[{"start":{"line":20,"column":2},"end":{"line":23,"column":3}},{"start":{"line":20,"column":2},"end":{"line":23,"column":3}}],"line":20},"4":{"loc":{"start":{"line":25,"column":2},"end":{"line":28,"column":3}},"type":"if","locations":[{"start":{"line":25,"column":2},"end":{"line":28,"column":3}},{"start":{"line":25,"column":2},"end":{"line":28,"column":3}}],"line":25},"5":{"loc":{"start":{"line":31,"column":2},"end":{"line":33,"column":3}},"type":"if","locations":[{"start":{"line":31,"column":2},"end":{"line":33,"column":3}},{"start":{"line":31,"column":2},"end":{"line":33,"column":3}}],"line":31}},"s":{"0":0,"1":0,"2":0,"3":0,"4":0,"5":0,"6":0,"7":0,"8":0,"9":0,"10":0,"11":0},"f":{"0":0},"b":{"0":[0],"1":[0],"2":[0,0],"3":[0,0],"4":[0,0],"5":[0,0]},"_coverageSchema":"1a1c01bbd47fc00a2c39e90264f33305004495a9","hash":"57fa7f1aaf5acb1c225854bb851bb7c4cd614fe8"}
,"/app/pages/index.tsx": {"path":"/app/pages/index.tsx","statementMap":{"0":{"start":{"line":7,"column":2},"end":{"line":16,"column":4}}},"fnMap":{"0":{"name":"Home","decl":{"start":{"line":6,"column":9},"end":{"line":6,"column":13}},"loc":{"start":{"line":6,"column":16},"end":{"line":17,"column":1}},"line":6}},"branchMap":{},"s":{"0":2},"f":{"0":2},"b":{},"_coverageSchema":"1a1c01bbd47fc00a2c39e90264f33305004495a9","hash":"65294a3590b39666df133f0e03e40dbd07e531b5"}
}
