TN:
SF:components/container.tsx
FN:9,Container
FNF:1
FNH:1
FNDA:6,Container
DA:10,6
LF:1
LH:1
BRF:0
BRH:0
end_of_record
TN:
SF:components/layout.tsx
FN:3,(anonymous_0)
FNF:1
FNH:1
FNDA:2,(anonymous_0)
DA:3,1
DA:4,2
LF:2
LH:2
BRF:0
BRH:0
end_of_record
TN:
SF:components/navbar.tsx
FN:11,Navbar
FN:15,(anonymous_1)
FN:30,(anonymous_2)
FN:58,(anonymous_3)
FNF:4
FNH:4
FNDA:2,Navbar
FNDA:4,(anonymous_1)
FNDA:8,(anonymous_2)
FNDA:8,(anonymous_3)
DA:6,1
DA:12,2
DA:16,4
DA:31,8
DA:59,8
LF:5
LH:5
BRDA:46,0,0,0
BRDA:46,0,1,4
BRF:2
BRH:1
end_of_record
TN:
SF:components/home/index.tsx
FN:7,HomeView
FN:10,(anonymous_1)
FN:34,(anonymous_2)
FNF:3
FNH:1
FNDA:2,HomeView
FNDA:0,(anonymous_1)
FNDA:0,(anonymous_2)
DA:8,2
DA:9,2
DA:10,2
DA:11,0
DA:12,0
DA:14,0
DA:15,0
DA:19,0
DA:21,0
DA:26,2
DA:34,0
LF:11
LH:4
BRDA:12,0,0,0
BRDA:12,0,1,0
BRF:2
BRH:0
end_of_record
TN:
SF:lib/constants.ts
FNF:0
FNH:0
DA:1,1
LF:1
LH:1
BRF:0
BRH:0
end_of_record
TN:
SF:lib/fetcher.ts
FN:3,fetcher
FNF:1
FNH:0
FNDA:0,fetcher
DA:8,0
DA:19,0
DA:20,0
DA:21,0
DA:22,0
DA:25,0
DA:26,0
DA:27,0
DA:30,0
DA:31,0
DA:32,0
DA:34,0
LF:12
LH:0
BRDA:5,0,0,0
BRDA:6,1,0,0
BRDA:14,2,0,0
BRDA:14,2,1,0
BRDA:20,3,0,0
BRDA:20,3,1,0
BRDA:25,4,0,0
BRDA:25,4,1,0
BRDA:31,5,0,0
BRDA:31,5,1,0
BRF:10
BRH:0
end_of_record
TN:
SF:pages/index.tsx
FN:6,Home
FNF:1
FNH:1
FNDA:2,Home
DA:7,2
LF:1
LH:1
BRF:0
BRH:0
end_of_record
